0 info it worked if it ends with ok
1 verbose cli [ 'D:\\Software\\node.js\\node.exe',
1 verbose cli   'D:\\Software\\node.js\\node_modules\\npm\\bin\\npm-cli.js',
1 verbose cli   'install',
1 verbose cli   'babel-cli',
1 verbose cli   'babel-preset' ]
2 info using npm@4.0.3
3 info using node@v4.4.7
4 silly loadCurrentTree Starting
5 silly install loadCurrentTree
6 silly install readLocalPackageData
7 silly fetchPackageMetaData babel-cli
8 silly fetchPackageMetaData babel-preset
9 silly fetchNamedPackageData babel-cli
10 silly mapToRegistry name babel-cli
11 silly mapToRegistry using default registry
12 silly mapToRegistry registry https://registry.npmjs.org/
13 silly mapToRegistry data Result {
13 silly mapToRegistry   raw: 'babel-cli',
13 silly mapToRegistry   scope: null,
13 silly mapToRegistry   escapedName: 'babel-cli',
13 silly mapToRegistry   name: 'babel-cli',
13 silly mapToRegistry   rawSpec: '',
13 silly mapToRegistry   spec: 'latest',
13 silly mapToRegistry   type: 'tag' }
14 silly mapToRegistry uri https://registry.npmjs.org/babel-cli
15 silly fetchNamedPackageData babel-preset
16 silly mapToRegistry name babel-preset
17 silly mapToRegistry using default registry
18 silly mapToRegistry registry https://registry.npmjs.org/
19 silly mapToRegistry data Result {
19 silly mapToRegistry   raw: 'babel-preset',
19 silly mapToRegistry   scope: null,
19 silly mapToRegistry   escapedName: 'babel-preset',
19 silly mapToRegistry   name: 'babel-preset',
19 silly mapToRegistry   rawSpec: '',
19 silly mapToRegistry   spec: 'latest',
19 silly mapToRegistry   type: 'tag' }
20 silly mapToRegistry uri https://registry.npmjs.org/babel-preset
21 verbose request uri https://registry.npmjs.org/babel-preset
22 verbose request no auth needed
23 info attempt registry request try #1 at 14:59:00
24 verbose request id 000837587d8ae7f4
25 http request GET https://registry.npmjs.org/babel-preset
26 verbose request uri https://registry.npmjs.org/babel-cli
27 verbose request no auth needed
28 info attempt registry request try #1 at 14:59:00
29 verbose etag W/"58b88b35-15310"
30 verbose lastModified Thu, 02 Mar 2017 21:14:29 GMT
31 http request GET https://registry.npmjs.org/babel-cli
32 http 304 https://registry.npmjs.org/babel-cli
33 verbose headers { date: 'Mon, 06 Mar 2017 06:59:28 GMT',
33 verbose headers   via: '1.1 varnish',
33 verbose headers   'cache-control': 'max-age=300',
33 verbose headers   etag: 'W/"58b88b35-15310"',
33 verbose headers   age: '17',
33 verbose headers   connection: 'keep-alive',
33 verbose headers   'x-served-by': 'cache-lax8632-LAX',
33 verbose headers   'x-cache': 'HIT',
33 verbose headers   'x-cache-hits': '1',
33 verbose headers   'x-timer': 'S1488783568.971769,VS0,VE0',
33 verbose headers   vary: 'Accept-Encoding' }
34 silly get cb [ 304,
34 silly get   { date: 'Mon, 06 Mar 2017 06:59:28 GMT',
34 silly get     via: '1.1 varnish',
34 silly get     'cache-control': 'max-age=300',
34 silly get     etag: 'W/"58b88b35-15310"',
34 silly get     age: '17',
34 silly get     connection: 'keep-alive',
34 silly get     'x-served-by': 'cache-lax8632-LAX',
34 silly get     'x-cache': 'HIT',
34 silly get     'x-cache-hits': '1',
34 silly get     'x-timer': 'S1488783568.971769,VS0,VE0',
34 silly get     vary: 'Accept-Encoding' } ]
35 verbose etag https://registry.npmjs.org/babel-cli from cache
36 verbose get saving babel-cli to C:\Users\Administrator\AppData\Roaming\npm-cache\registry.npmjs.org\babel-cli\.cache.json
37 verbose correctMkdir C:\Users\Administrator\AppData\Roaming\npm-cache correctMkdir not in flight; initializing
38 http 404 https://registry.npmjs.org/babel-preset
39 verbose headers { 'content-type': 'application/json',
39 verbose headers   'cache-control': 'max-age=0',
39 verbose headers   'content-length': '2',
39 verbose headers   'accept-ranges': 'bytes',
39 verbose headers   date: 'Mon, 06 Mar 2017 06:59:29 GMT',
39 verbose headers   via: '1.1 varnish',
39 verbose headers   age: '0',
39 verbose headers   connection: 'keep-alive',
39 verbose headers   'x-served-by': 'cache-lax8650-LAX',
39 verbose headers   'x-cache': 'MISS',
39 verbose headers   'x-cache-hits': '0',
39 verbose headers   'x-timer': 'S1488783568.966704,VS0,VE177',
39 verbose headers   vary: 'Accept-Encoding' }
40 silly get cb [ 404,
40 silly get   { 'content-type': 'application/json',
40 silly get     'cache-control': 'max-age=0',
40 silly get     'content-length': '2',
40 silly get     'accept-ranges': 'bytes',
40 silly get     date: 'Mon, 06 Mar 2017 06:59:29 GMT',
40 silly get     via: '1.1 varnish',
40 silly get     age: '0',
40 silly get     connection: 'keep-alive',
40 silly get     'x-served-by': 'cache-lax8650-LAX',
40 silly get     'x-cache': 'MISS',
40 silly get     'x-cache-hits': '0',
40 silly get     'x-timer': 'S1488783568.966704,VS0,VE177',
40 silly get     vary: 'Accept-Encoding' } ]
41 silly fetchPackageMetaData Error: Registry returned 404 for GET on https://registry.npmjs.org/babel-preset
41 silly fetchPackageMetaData     at makeError (D:\Software\node.js\node_modules\npm\node_modules\npm-registry-client\lib\request.js:302:12)
41 silly fetchPackageMetaData     at CachingRegistryClient.<anonymous> (D:\Software\node.js\node_modules\npm\node_modules\npm-registry-client\lib\request.js:280:14)
41 silly fetchPackageMetaData     at Request._callback (D:\Software\node.js\node_modules\npm\node_modules\npm-registry-client\lib\request.js:210:14)
41 silly fetchPackageMetaData     at Request.self.callback (D:\Software\node.js\node_modules\npm\node_modules\request\request.js:186:22)
41 silly fetchPackageMetaData     at emitTwo (events.js:87:13)
41 silly fetchPackageMetaData     at Request.emit (events.js:172:7)
41 silly fetchPackageMetaData     at Request.<anonymous> (D:\Software\node.js\node_modules\npm\node_modules\request\request.js:1081:10)
41 silly fetchPackageMetaData     at emitOne (events.js:77:13)
41 silly fetchPackageMetaData     at Request.emit (events.js:169:7)
41 silly fetchPackageMetaData     at IncomingMessage.<anonymous> (D:\Software\node.js\node_modules\npm\node_modules\request\request.js:1001:12)
41 silly fetchPackageMetaData  error for babel-preset { [Error: Registry returned 404 for GET on https://registry.npmjs.org/babel-preset] pkgid: 'babel-preset', statusCode: 404, code: 'E404' }
42 silly rollbackFailedOptional Starting
43 silly rollbackFailedOptional Finishing
44 silly runTopLevelLifecycles Finishing
45 silly install printInstalled
46 verbose stack Error: Registry returned 404 for GET on https://registry.npmjs.org/babel-preset
46 verbose stack     at makeError (D:\Software\node.js\node_modules\npm\node_modules\npm-registry-client\lib\request.js:302:12)
46 verbose stack     at CachingRegistryClient.<anonymous> (D:\Software\node.js\node_modules\npm\node_modules\npm-registry-client\lib\request.js:280:14)
46 verbose stack     at Request._callback (D:\Software\node.js\node_modules\npm\node_modules\npm-registry-client\lib\request.js:210:14)
46 verbose stack     at Request.self.callback (D:\Software\node.js\node_modules\npm\node_modules\request\request.js:186:22)
46 verbose stack     at emitTwo (events.js:87:13)
46 verbose stack     at Request.emit (events.js:172:7)
46 verbose stack     at Request.<anonymous> (D:\Software\node.js\node_modules\npm\node_modules\request\request.js:1081:10)
46 verbose stack     at emitOne (events.js:77:13)
46 verbose stack     at Request.emit (events.js:169:7)
46 verbose stack     at IncomingMessage.<anonymous> (D:\Software\node.js\node_modules\npm\node_modules\request\request.js:1001:12)
47 verbose statusCode 404
48 verbose pkgid babel-preset
49 verbose cwd E:\study\FrontEnd\project\IFE2017
50 error Windows_NT 6.1.7601
51 error argv "D:\\Software\\node.js\\node.exe" "D:\\Software\\node.js\\node_modules\\npm\\bin\\npm-cli.js" "install" "babel-cli" "babel-preset"
52 error node v4.4.7
53 error npm  v4.0.3
54 error code E404
55 error 404 Registry returned 404 for GET on https://registry.npmjs.org/babel-preset
56 error 404
57 error 404 'babel-preset' is not in the npm registry.
58 error 404 You should bug the author to publish it (or use the name yourself!)
59 error 404 Note that you can also install from a
60 error 404 tarball, folder, http url, or git url.
61 verbose exit [ 1, true ]
